{"timestamp":"2025-07-16 15:27:28","session_id":"411ec6b93ab3923788ba0e24486063b0","items":[{"id":2,"name":"Product Two","quantity":1,"price":49.99,"subtotal":49.99}],"total":49.99}
{"timestamp":"2025-07-16 15:29:05","session_id":"411ec6b93ab3923788ba0e24486063b0","items":[{"id":1,"name":"Product One","quantity":1,"price":29.99,"subtotal":29.99}],"total":29.99}
{"timestamp":"2025-07-16 15:31:09","session_id":"411ec6b93ab3923788ba0e24486063b0","items":[{"id":1,"name":"Product One","quantity":1,"price":29.99,"subtotal":29.99}],"total":29.99}
{"timestamp":"2025-07-16 15:32:42","session_id":"411ec6b93ab3923788ba0e24486063b0","items":[{"id":1,"name":"Product One","quantity":1,"price":29.99,"subtotal":29.99}],"total":29.99}
{"timestamp":"2025-07-16 15:35:44","session_id":"8e1b15ffe12fc5c19bd3f0bb7ec49864","items":[{"id":3,"name":"Product Three","quantity":1,"price":19.99,"subtotal":19.99}],"total":19.99}
{"timestamp":"2025-07-16 15:39:44","session_id":"50f08b0b4318cdc493834ddfa078ffd5","items":[{"id":1,"name":"Product One","quantity":1,"price":29.99,"subtotal":29.99}],"total":29.99}
{"timestamp":"2025-07-16 15:50:50","session_id":"411ec6b93ab3923788ba0e24486063b0","items":[{"id":3,"name":"Product Three","quantity":3,"price":19.99,"subtotal":59.97}],"total":59.97}
{"timestamp":"2025-07-16 15:50:55","session_id":"411ec6b93ab3923788ba0e24486063b0","items":[{"id":1,"name":"Product One","quantity":1,"price":29.99,"subtotal":29.99}],"total":29.99}
{"timestamp":"2025-07-16 15:52:18","session_id":"78b534556522cf73a05403dd4a0a8dee","items":[{"id":2,"name":"Product Two","quantity":1,"price":49.99,"subtotal":49.99}],"total":49.99}
{"timestamp":"2025-07-16 15:52:43","session_id":"411ec6b93ab3923788ba0e24486063b0","items":[{"id":2,"name":"Product Two","quantity":1,"price":49.99,"subtotal":49.99}],"total":49.99}
{"timestamp":"2025-07-16 15:54:46","session_id":"4385e433852e67f3b8c59bbb3fa9d9cd","items":[{"id":1,"name":"Product One","quantity":1,"price":29.99,"subtotal":29.99}],"total":29.99}
{"timestamp":"2025-07-16 15:55:05","session_id":"4385e433852e67f3b8c59bbb3fa9d9cd","items":[{"id":3,"name":"Product Three","quantity":1,"price":19.99,"subtotal":19.99}],"total":19.99}
{"timestamp":"2025-07-16 15:59:27","session_id":"411ec6b93ab3923788ba0e24486063b0","items":[{"id":2,"name":"Product Two","quantity":1,"price":49.99,"subtotal":49.99}],"total":49.99}
{"timestamp":"2025-07-17 06:49:39","session_id":"411ec6b93ab3923788ba0e24486063b0","items":[{"id":3,"name":"Product Three","quantity":1,"price":19.99,"subtotal":19.99},{"id":2,"name":"Product Two","quantity":5,"price":49.99,"subtotal":249.95000000000002}],"total":269.94}
{"timestamp":"2025-07-17 06:52:25","session_id":"411ec6b93ab3923788ba0e24486063b0","items":[{"id":2,"name":"Product Two","quantity":9,"price":49.99,"subtotal":449.91}],"total":449.91}
{"timestamp":"2025-07-17 07:29:13","session_id":"411ec6b93ab3923788ba0e24486063b0","items":[{"id":2,"name":"Product Two","quantity":1,"price":49.99,"subtotal":49.99}],"total":49.99}
{"timestamp":"2025-07-17 08:03:49","session_id":"411ec6b93ab3923788ba0e24486063b0","items":[{"id":2,"name":"Product Two","quantity":9,"price":49.99,"subtotal":449.91}],"total":449.91}
{"timestamp":"2025-07-17 08:32:12","session_id":"411ec6b93ab3923788ba0e24486063b0","items":[{"id":3,"name":"Product Three","quantity":1,"price":19.99,"subtotal":19.99}],"total":19.99}
{"timestamp":"2025-07-17 08:37:19","session_id":"411ec6b93ab3923788ba0e24486063b0","items":[{"id":2,"name":"Product Two","quantity":3,"price":49.99,"subtotal":149.97}],"total":149.97}
{"timestamp":"2025-07-17 08:37:45","session_id":"3defca18bae775645b38000d36ff7f2b","items":[{"id":1,"name":"Product One","quantity":1,"price":29.99,"subtotal":29.99}],"total":29.99}
{"timestamp":"2025-07-17 08:39:45","session_id":"f2d31511e1294c917675ecad7639f08c","items":[{"id":2,"name":"Product Two","quantity":3,"price":49.99,"subtotal":149.97}],"total":149.97}
{"timestamp":"2025-07-17 08:46:00","session_id":"411ec6b93ab3923788ba0e24486063b0","items":[{"id":1,"name":"Product One","quantity":1,"price":29.99,"subtotal":29.99},{"id":3,"name":"Product Three","quantity":1,"price":19.99,"subtotal":19.99}],"total":49.98}
{"timestamp":"2025-07-17 08:46:08","session_id":"411ec6b93ab3923788ba0e24486063b0","items":[{"id":2,"name":"Product Two","quantity":1,"price":49.99,"subtotal":49.99}],"total":49.99}
{"timestamp":"2025-07-17 08:57:33","session_id":"411ec6b93ab3923788ba0e24486063b0","items":[{"id":2,"name":"Product Two","quantity":1,"price":49.99,"subtotal":49.99},{"id":1,"name":"Product One","quantity":1,"price":29.99,"subtotal":29.99}],"total":79.98}
{"timestamp":"2025-07-17 08:57:46","session_id":"411ec6b93ab3923788ba0e24486063b0","items":[{"id":1,"name":"Product One","quantity":1,"price":29.99,"subtotal":29.99}],"total":29.99}
{"timestamp":"2025-07-17 09:00:50","session_id":"411ec6b93ab3923788ba0e24486063b0","items":[{"id":1,"name":"Product One","quantity":1,"price":29.99,"subtotal":29.99}],"total":29.99}
{"timestamp":"2025-07-17 10:05:52","session_id":"411ec6b93ab3923788ba0e24486063b0","items":[{"id":2,"name":"Product Two","quantity":1,"price":49.99,"subtotal":49.99}],"total":49.99}
{"timestamp":"2025-07-17 10:06:16","session_id":"411ec6b93ab3923788ba0e24486063b0","items":[{"id":2,"name":"Product Two","quantity":1,"price":49.99,"subtotal":49.99}],"total":49.99}
{"timestamp":"2025-07-17 10:07:21","session_id":"411ec6b93ab3923788ba0e24486063b0","items":[{"id":2,"name":"Product Two","quantity":1,"price":49.99,"subtotal":49.99}],"total":49.99}
{"timestamp":"2025-07-17 10:07:26","session_id":"411ec6b93ab3923788ba0e24486063b0","items":[{"id":1,"name":"Product One","quantity":1,"price":29.99,"subtotal":29.99}],"total":29.99}
{"timestamp":"2025-07-17 10:07:45","session_id":"411ec6b93ab3923788ba0e24486063b0","items":[{"id":3,"name":"Product Three","quantity":1,"price":19.99,"subtotal":19.99}],"total":19.99}
{"timestamp":"2025-07-17 10:09:50","session_id":"411ec6b93ab3923788ba0e24486063b0","items":[{"id":2,"name":"Product Two","quantity":1,"price":49.99,"subtotal":49.99}],"total":49.99}
{"timestamp":"2025-07-17 10:11:21","session_id":"411ec6b93ab3923788ba0e24486063b0","items":[{"id":1,"name":"Product One","quantity":1,"price":29.99,"subtotal":29.99}],"total":29.99}
{"timestamp":"2025-07-17 10:12:00","session_id":"411ec6b93ab3923788ba0e24486063b0","items":[{"id":2,"name":"Product Two","quantity":1,"price":49.99,"subtotal":49.99}],"total":49.99}
{"timestamp":"2025-07-17 10:13:22","session_id":"411ec6b93ab3923788ba0e24486063b0","items":[{"id":2,"name":"Product Two","quantity":1,"price":49.99,"subtotal":49.99}],"total":49.99}
{"timestamp":"2025-07-17 10:14:01","session_id":"411ec6b93ab3923788ba0e24486063b0","items":[{"id":2,"name":"Product Two","quantity":1,"price":49.99,"subtotal":49.99}],"total":49.99}
{"timestamp":"2025-07-17 10:14:34","session_id":"411ec6b93ab3923788ba0e24486063b0","items":[{"id":1,"name":"Product One","quantity":1,"price":29.99,"subtotal":29.99}],"total":29.99}
{"timestamp":"2025-07-17 11:09:14","session_id":"411ec6b93ab3923788ba0e24486063b0","items":[{"id":1,"name":"Product One","quantity":2,"price":29.99,"subtotal":59.98}],"total":59.98}
{"timestamp":"2025-07-17 11:16:01","session_id":"411ec6b93ab3923788ba0e24486063b0","items":[{"id":2,"name":"Product Two","quantity":1,"price":49.99,"subtotal":49.99}],"total":49.99}
{"timestamp":"2025-07-17 11:19:02","session_id":"411ec6b93ab3923788ba0e24486063b0","items":[{"id":2,"name":"Product Two","quantity":1,"price":49.99,"subtotal":49.99}],"total":49.99}
{"timestamp":"2025-07-17 11:23:05","session_id":"411ec6b93ab3923788ba0e24486063b0","items":[{"id":2,"name":"Product Two","quantity":1,"price":49.99,"subtotal":49.99}],"total":49.99}
{"timestamp":"2025-07-17 11:29:54","session_id":"411ec6b93ab3923788ba0e24486063b0","total":49.99,"items":[{"id":2,"name":"Product Two","quantity":1,"price":49.99,"subtotal":49.99}]}
{"timestamp":"2025-07-17 11:30:35","session_id":"411ec6b93ab3923788ba0e24486063b0","items":[{"id":3,"name":"Product Three","quantity":1,"price":19.99,"subtotal":19.99}],"total":19.99}
{"timestamp":"2025-07-17 11:30:55","session_id":"411ec6b93ab3923788ba0e24486063b0","items":[{"id":2,"name":"Product Two","quantity":1,"price":49.99,"subtotal":49.99}],"total":49.99}
{"timestamp":"2025-07-17 11:32:02","session_id":"e71060c0f373188c5a79fc61adcd4bbe","items":[{"id":2,"name":"Product Two","quantity":1,"price":49.99,"subtotal":49.99}],"total":49.99}
{"timestamp":"2025-07-17 11:33:28","session_id":"e71060c0f373188c5a79fc61adcd4bbe","items":[{"id":2,"name":"Product Two","quantity":1,"price":49.99,"subtotal":49.99}],"total":49.99}
{"timestamp":"2025-07-17 11:33:32","session_id":"e71060c0f373188c5a79fc61adcd4bbe","items":[{"id":1,"name":"Product One","quantity":1,"price":29.99,"subtotal":29.99}],"total":29.99}
{"timestamp":"2025-07-17 11:34:42","session_id":"e71060c0f373188c5a79fc61adcd4bbe","items":[{"id":2,"name":"Product Two","quantity":1,"price":49.99,"subtotal":49.99}],"total":49.99}
{"timestamp":"2025-07-17 11:35:39","session_id":"e71060c0f373188c5a79fc61adcd4bbe","items":[{"id":2,"name":"Product Two","quantity":1,"price":49.99,"subtotal":49.99}],"total":49.99}
{"timestamp":"2025-07-17 11:35:54","session_id":"e71060c0f373188c5a79fc61adcd4bbe","items":[{"id":1,"name":"Product One","quantity":1,"price":29.99,"subtotal":29.99}],"total":29.99}
{"timestamp":"2025-07-17 11:38:21","session_id":"e71060c0f373188c5a79fc61adcd4bbe","items":[{"id":2,"name":"Product Two","quantity":1,"price":49.99,"subtotal":49.99}],"total":49.99}
{"timestamp":"2025-11-13 10:58:52","session_id":"1d1dd18628e58dfe004e5f362b85c229","items":[{"id":2,"name":"Product Two","quantity":2,"price":49.99,"subtotal":99.98}],"total":99.98}
{"timestamp":"2025-11-13 11:01:44","session_id":"1d1dd18628e58dfe004e5f362b85c229","items":[{"id":2,"name":"Product Two","quantity":1,"price":49.99,"subtotal":49.99}],"total":49.99}
{"timestamp":"2025-11-13 11:02:04","session_id":"1d1dd18628e58dfe004e5f362b85c229","items":[{"id":2,"name":"Product Two","quantity":1,"price":49.99,"subtotal":49.99}],"total":49.99}
{"timestamp":"2025-11-13 11:04:43","session_id":"1d1dd18628e58dfe004e5f362b85c229","items":[{"id":2,"name":"Product Two","quantity":2,"price":49.99,"subtotal":99.98}],"total":99.98}
{"timestamp":"2025-11-14 08:34:42","session_id":"98f3cf548427deca332c1cf129b33ead","items":[{"id":1,"name":"Product One","quantity":1,"price":29.99,"subtotal":29.99}],"total":29.99}
{"timestamp":"2025-11-14 08:44:50","session_id":"19c22366a47a388bc6e050bb8855b405","items":[{"id":2,"name":"Product Two","quantity":1,"price":49.99,"subtotal":49.99}],"total":49.99}
{"timestamp":"2025-11-14 08:45:19","session_id":"e763f0529d75d89fb94050264417a75c","items":[{"id":2,"name":"Product Two","quantity":1,"price":49.99,"subtotal":49.99}],"total":49.99}
{"timestamp":"2025-11-14 08:53:24","session_id":"445a543d6aa33c1de187a33614dcd542","items":[{"id":2,"name":"Product Two","quantity":1,"price":49.99,"subtotal":49.99}],"total":49.99}
{"timestamp":"2025-11-14 08:53:42","session_id":"445a543d6aa33c1de187a33614dcd542","items":[{"id":1,"name":"Product One","quantity":1,"price":29.99,"subtotal":29.99}],"total":29.99}
{"timestamp":"2025-11-14 08:54:09","session_id":"6e4924ada8e0555752e305baf095719b","items":[{"id":3,"name":"Product Three","quantity":1,"price":19.99,"subtotal":19.99}],"total":19.99}
{"timestamp":"2025-11-14 08:54:27","session_id":"6e4924ada8e0555752e305baf095719b","items":[{"id":2,"name":"Product Two","quantity":1,"price":49.99,"subtotal":49.99}],"total":49.99}
{"timestamp":"2025-11-14 08:55:28","session_id":"6e4924ada8e0555752e305baf095719b","items":[{"id":1,"name":"Product One","quantity":1,"price":29.99,"subtotal":29.99}],"total":29.99}
{"timestamp":"2025-11-14 08:57:33","session_id":"6e4924ada8e0555752e305baf095719b","items":[{"id":2,"name":"Product Two","quantity":1,"price":49.99,"subtotal":49.99}],"total":49.99}
{"timestamp":"2025-11-14 08:57:57","session_id":"98f3cf548427deca332c1cf129b33ead","items":[{"id":2,"name":"Product Two","quantity":1,"price":49.99,"subtotal":49.99},{"id":1,"name":"Product One","quantity":1,"price":29.99,"subtotal":29.99}],"total":79.98}
{"timestamp":"2025-11-14 09:13:38","session_id":"98f3cf548427deca332c1cf129b33ead","items":[{"id":1,"name":"Product One","quantity":1,"price":29.99,"subtotal":29.99},{"id":2,"name":"Product Two","quantity":1,"price":49.99,"subtotal":49.99}],"total":79.98}
